<?xml version="1.0" encoding="UTF-8"?>
<testng-results ignored="0" total="3" passed="3" failed="0" skipped="0">
  <reporter-output>
  </reporter-output>
  <suite started-at="2023-02-06T21:54:10 IST" name="Default suite" finished-at="2023-02-06T21:54:53 IST" duration-ms="43259">
    <groups>
    </groups>
    <test started-at="2023-02-06T21:54:10 IST" name="Default test" finished-at="2023-02-06T21:54:53 IST" duration-ms="43259">
      <class name="testScripts.LoginTest">
        <test-method is-config="true" signature="setUpBrowser(java.lang.String)[pri:0, instance:testScripts.LoginTest@353d0772]" started-at="2023-02-06T21:54:11 IST" name="setUpBrowser" finished-at="2023-02-06T21:54:20 IST" duration-ms="9167" status="PASS">
          <params>
            <param index="0">
              <value>
                <![CDATA[chrome]]>
              </value>
            </param>
          </params>
          <reporter-output>
          </reporter-output>
        </test-method> <!-- setUpBrowser -->
        <test-method signature="testCase1(java.lang.String,java.lang.String)[pri:0, instance:testScripts.LoginTest@353d0772]" started-at="2023-02-06T21:54:20 IST" name="testCase1" data-provider="Login" finished-at="2023-02-06T21:54:26 IST" duration-ms="5800" status="PASS">
          <params>
            <param index="0">
              <value>
                <![CDATA[nidhi@gmail.com]]>
              </value>
            </param>
            <param index="1">
              <value>
                <![CDATA[Nidhi]]>
              </value>
            </param>
          </params>
          <reporter-output>
          </reporter-output>
        </test-method> <!-- testCase1 -->
        <test-method is-config="true" signature="setUpBrowser(java.lang.String)[pri:0, instance:testScripts.LoginTest@353d0772]" started-at="2023-02-06T21:54:26 IST" name="setUpBrowser" finished-at="2023-02-06T21:54:31 IST" duration-ms="5380" status="PASS">
          <params>
            <param index="0">
              <value>
                <![CDATA[chrome]]>
              </value>
            </param>
          </params>
          <reporter-output>
          </reporter-output>
        </test-method> <!-- setUpBrowser -->
        <test-method signature="testCase1(java.lang.String,java.lang.String)[pri:0, instance:testScripts.LoginTest@353d0772]" started-at="2023-02-06T21:54:31 IST" name="testCase1" data-provider="Login" finished-at="2023-02-06T21:54:37 IST" duration-ms="5916" status="PASS">
          <params>
            <param index="0">
              <value>
                <![CDATA[rama@gmail.com]]>
              </value>
            </param>
            <param index="1">
              <value>
                <![CDATA[rama]]>
              </value>
            </param>
          </params>
          <reporter-output>
          </reporter-output>
        </test-method> <!-- testCase1 -->
        <test-method is-config="true" signature="setUpBrowser(java.lang.String)[pri:0, instance:testScripts.LoginTest@353d0772]" started-at="2023-02-06T21:54:37 IST" name="setUpBrowser" finished-at="2023-02-06T21:54:45 IST" duration-ms="8361" status="PASS">
          <params>
            <param index="0">
              <value>
                <![CDATA[chrome]]>
              </value>
            </param>
          </params>
          <reporter-output>
          </reporter-output>
        </test-method> <!-- setUpBrowser -->
        <test-method signature="testCase1(java.lang.String,java.lang.String)[pri:0, instance:testScripts.LoginTest@353d0772]" started-at="2023-02-06T21:54:45 IST" name="testCase1" data-provider="Login" finished-at="2023-02-06T21:54:53 IST" duration-ms="7772" status="PASS">
          <params>
            <param index="0">
              <value>
                <![CDATA[sathwik@gmail.com]]>
              </value>
            </param>
            <param index="1">
              <value>
                <![CDATA[Sathwik]]>
              </value>
            </param>
          </params>
          <reporter-output>
          </reporter-output>
        </test-method> <!-- testCase1 -->
        <test-method is-config="true" signature="browserTearDown()[pri:0, instance:testScripts.LoginTest@353d0772]" started-at="2023-02-06T21:54:53 IST" name="browserTearDown" finished-at="2023-02-06T21:54:53 IST" duration-ms="264" status="PASS">
          <reporter-output>
          </reporter-output>
        </test-method> <!-- browserTearDown -->
      </class> <!-- testScripts.LoginTest -->
    </test> <!-- Default test -->
  </suite> <!-- Default suite -->
</testng-results>
