<?xml version="1.0" encoding="UTF-8"?>
<!-- Generated by org.testng.reporters.JUnitXMLReporter -->
<testsuite ignored="0" hostname="TYSS-Afshan" failures="0" tests="3" name="Default test" time="43.259" errors="0" timestamp="2023-02-06T21:54:53 IST">
  <testcase classname="testScripts.LoginTest" name="testCase1" time="5.8"/>
  <testcase classname="testScripts.LoginTest" name="testCase1" time="5.916"/>
  <testcase classname="testScripts.LoginTest" name="testCase1" time="7.772"/>
</testsuite> <!-- Default test -->
